Arguments: 
  C:\Program Files\nodejs\node.exe C:\Program Files (x86)\Yarn\bin\yarn.js install

PATH: 
  C:\Users\Gabriela Szabo\bin;C:\Program Files\Git\mingw64\bin;C:\Program Files\Git\usr\local\bin;C:\Program Files\Git\usr\bin;C:\Program Files\Git\usr\bin;C:\Program Files\Git\mingw64\bin;C:\Program Files\Git\usr\bin;C:\Users\Gabriela Szabo\bin;C:\Windows\system32;C:\Windows;C:\Windows\System32\Wbem;C:\Windows\System32\WindowsPowerShell\v1.0;C:\Windows\System32\OpenSSH;C:\Program Files\nodejs;C:\Program Files\Git\cmd;C:\xampp\php;C:\ProgramData\ComposerSetup\bin;C:\Program Files (x86)\Yarn\bin;C:\Program Files\Docker\Docker\resources\bin;C:\ProgramData\DockerDesktop\version-bin;C:\Users\Gabriela Szabo\AppData\Local\Microsoft\WindowsApps;C:\Users\Gabriela Szabo\AppData\Roaming\npm;C:\Program Files\JetBrains\PhpStorm 2019.2.2\bin;C:\Users\Gabriela Szabo\AppData\Roaming\Composer\vendor\bin;C:\Users\Gabriela Szabo\AppData\Local\Yarn\bin;C:\Program Files\Git\usr\bin\vendor_perl;C:\Program Files\Git\usr\bin\core_perl

Yarn version: 
  1.21.1

Node version: 
  10.16.3

Platform: 
  win32 x64

Trace: 
  SyntaxError: C:\Programming\Env\webpack-es6-postcss-images\package.json: Unexpected token } in JSON at position 987
      at JSON.parse (<anonymous>)
      at C:\Program Files (x86)\Yarn\lib\cli.js:1625:59
      at Generator.next (<anonymous>)
      at step (C:\Program Files (x86)\Yarn\lib\cli.js:310:30)
      at C:\Program Files (x86)\Yarn\lib\cli.js:321:13

npm manifest: 
  {
    "name": "webpack-es6-postcss-images",
    "version": "1.0.0",
    "description": "This project represent the boilerplate to start an es6 library.",
    "main": "index.js",
    "author": "Szabo <ioan.szabo@yahoo.com>",
    "license": "MIT",
    "scripts": {
      "start": "./node_modules/.bin/webpack-dev-server",
      "build": "./node_modules/.bin/webpack"
    },
    "devDependencies": {
      "@babel/cli": "^7.8.4",
      "@babel/core": "^7.8.4",
      "@babel/preset-env": "^7.8.4",
      "@babel/preset-es2015": "^7.0.0-beta.53",
      "@babel/preset-stage-0": "^7.8.3",
      "babel-loader": "^8.0.6",
      "babel-preset-es2015": "^6.24.1",
      "css-loader": "^3.4.2",
      "dotenv": "^8.2.0",
      "file-loader": "^5.1.0",
      "html-webpack-plugin": "^3.2.0",
      "postcss": "^7.0.27",
      "postcss-cssnext": "^3.1.0",
      "postcss-import": "^12.0.1",
      "postcss-loader": "^3.0.0",
      "style-loader": "^1.1.3",
      "webpack": "^4.41.6",
      "webpack-cli": "^3.3.11",
      "webpack-dev-server": "^3.10.3",
    },
    "dependencies": {
      "basscss": "^8.1.0",
      "basscss-background-colors": "^2.1.0",
      "basscss-colors": "^2.2.0",
      "classnames": "^2.2.6",
      "whatwg-fetch": "^3.0.0"
    }
  }

yarn manifest: 
  No manifest

Lockfile: 
  No lockfile
